app/build/outputs/logs/manifest-merger-debug-report.txt
-- Merging decision tree log ---
manifest
ADDED from src\main\AndroidManifest.xml:2:1-167:12
	package
		ADDED from src\main\AndroidManifest.xml:3:5-41
		INJECTED from src\main\AndroidManifest.xml
		INJECTED from src\main\AndroidManifest.xml
	android:versionName
		INJECTED from src\main\AndroidManifest.xml
		INJECTED from src\main\AndroidManifest.xml
	xmlns:android
		ADDED from src\main\AndroidManifest.xml:2:11-69
	android:versionCode
		INJECTED from src\main\AndroidManifest.xml
		INJECTED from src\main\AndroidManifest.xml
uses-permission#android.permission.ACCESS_FINE_LOCATION
ADDED from src\main\AndroidManifest.xml:10:5-79
	android:name
		ADDED from src\main\AndroidManifest.xml:10:22-76
uses-permission#android.permission.ACCESS_COARSE_LOCATION
ADDED from src\main\AndroidManifest.xml:11:5-81
	android:name
		ADDED from src\main\AndroidManifest.xml:11:22-78
uses-permission#ANDROID.PERMISSION.SEND_SMS
ADDED from src\main\AndroidManifest.xml:12:5-67
	android:name
		ADDED from src\main\AndroidManifest.xml:12:22-64
uses-permission#android.permission.INTERNET
ADDED from src\main\AndroidManifest.xml:13:5-67
MERGED from [com.google.android.gms:play-services-ads-lite:10.2.4] AndroidManifest.xml:19:5-66
MERGED from [com.google.android.gms:play-services-analytics:10.2.4] AndroidManifest.xml:20:5-66
MERGED from [com.google.android.gms:play-services-appinvite:10.2.4] AndroidManifest.xml:18:5-66
MERGED from [com.google.firebase:firebase-crash:10.2.4] AndroidManifest.xml:18:5-66
MERGED from [com.google.android.gms:play-services-gcm:10.2.4] AndroidManifest.xml:21:5-66
MERGED from [com.google.android.gms:play-services-iid:10.2.4] AndroidManifest.xml:21:5-66
MERGED from [com.google.android.gms:play-services-tagmanager-api:10.2.4] AndroidManifest.xml:20:5-66
MERGED from [com.google.android.gms:play-services-analytics-impl:10.2.4] AndroidManifest.xml:20:5-66
MERGED from [com.google.android.gms:play-services-maps:10.2.4] AndroidManifest.xml:20:5-66
MERGED from [com.google.firebase:firebase-analytics:10.2.4] AndroidManifest.xml:20:5-66
MERGED from [com.google.firebase:firebase-analytics-impl:10.2.4] AndroidManifest.xml:20:5-66
MERGED from [com.google.firebase:firebase-iid:10.2.4] AndroidManifest.xml:20:5-66
	android:name
		ADDED from src\main\AndroidManifest.xml:13:22-64
uses-permission#android.permission.GET_ACCOUNTS
ADDED from src\main\AndroidManifest.xml:15:5-71
	android:name
		ADDED from src\main\AndroidManifest.xml:15:22-68
uses-permission#android.permission.READ_PROFILE
ADDED from src\main\AndroidManifest.xml:16:5-71
	android:name
		ADDED from src\main\AndroidManifest.xml:16:22-68
uses-permission#android.permission.READ_CONTACTS
ADDED from src\main\AndroidManifest.xml:17:5-72
	android:name
		ADDED from src\main\AndroidManifest.xml:17:22-69
application
ADDED from src\main\AndroidManifest.xml:19:5-165:19
MERGED from [com.android.support:design:25.3.1] AndroidManifest.xml:29:5-20
MERGED from [com.android.support:transition:25.3.1] AndroidManifest.xml:26:5-20
MERGED from [com.android.support.constraint:constraint-layout:1.0.2] AndroidManifest.xml:9:5-20
MERGED from [com.google.android.gms:play-services:10.2.4] AndroidManifest.xml:5:5-20
MERGED from [com.google.android.gms:play-services-ads-lite:10.2.4] AndroidManifest.xml:23:5-27:19
MERGED from [com.google.android.gms:play-services-analytics:10.2.4] AndroidManifest.xml:26:5-19
MERGED from [com.google.android.gms:play-services-appinvite:10.2.4] AndroidManifest.xml:19:5-26:19
MERGED from [com.google.android.gms:play-services-auth:10.2.4] AndroidManifest.xml:19:5-25:19
MERGED from [com.google.android.gms:play-services-cast-framework:10.2.4] AndroidManifest.xml:4:5-8:19
MERGED from [com.google.android.gms:play-services-cast:10.2.4] AndroidManifest.xml:18:5-19
MERGED from [com.android.support:mediarouter-v7:24.0.0] AndroidManifest.xml:22:5-20
MERGED from [com.android.support:palette-v7:24.0.0] AndroidManifest.xml:22:5-23:19
MERGED from [com.android.support:appcompat-v7:25.3.1] AndroidManifest.xml:29:5-20
MERGED from [com.android.support:animated-vector-drawable:25.3.1] AndroidManifest.xml:26:5-20
MERGED from [com.android.support:support-vector-drawable:25.3.1] AndroidManifest.xml:26:5-20
MERGED from [com.google.android.gms:play-services-clearcut:10.2.4] AndroidManifest.xml:18:5-19
MERGED from [com.google.firebase:firebase-config:10.2.4] AndroidManifest.xml:18:5-19
MERGED from [com.google.android.gms:play-services-awareness:10.2.4] AndroidManifest.xml:18:5-19
MERGED from [com.google.firebase:firebase-crash:10.2.4] AndroidManifest.xml:22:5-23:19
MERGED from [com.google.firebase:firebase-messaging:10.2.4] AndroidManifest.xml:19:5-29:19
MERGED from [com.google.android.gms:play-services-fitness:10.2.4] AndroidManifest.xml:18:5-19
MERGED from [com.google.android.gms:play-services-games:10.2.4] AndroidManifest.xml:18:5-19
MERGED from [com.google.android.gms:play-services-drive:10.2.4] AndroidManifest.xml:18:5-19
MERGED from [com.google.android.gms:play-services-gass:10.2.4] AndroidManifest.xml:4:5-19
MERGED from [com.google.android.gms:play-services-gcm:10.2.4] AndroidManifest.xml:23:5-19
MERGED from [com.google.firebase:firebase-appindexing:10.2.4] AndroidManifest.xml:18:5-19
MERGED from [com.google.android.gms:play-services-iid:10.2.4] AndroidManifest.xml:23:5-19
MERGED from [com.google.android.gms:play-services-location:10.2.4] AndroidManifest.xml:4:5-19
MERGED from [com.google.android.gms:play-services-nearby:10.2.4] AndroidManifest.xml:5:5-19
MERGED from [com.google.android.gms:play-services-panorama:10.2.4] AndroidManifest.xml:18:5-19
MERGED from [com.google.android.gms:play-services-places:10.2.4] AndroidManifest.xml:18:5-19
MERGED from [com.google.android.gms:play-services-plus:10.2.4] AndroidManifest.xml:18:5-19
MERGED from [com.google.android.gms:play-services-safetynet:10.2.4] AndroidManifest.xml:18:5-19
MERGED from [com.google.android.gms:play-services-tagmanager-api:10.2.4] AndroidManifest.xml:23:5-33:19
MERGED from [com.google.android.gms:play-services-tagmanager-v4-impl:10.2.4] AndroidManifest.xml:19:5-19
MERGED from [com.google.android.gms:play-services-analytics-impl:10.2.4] AndroidManifest.xml:26:5-19
MERGED from [com.google.android.gms:play-services-vision:10.2.4] AndroidManifest.xml:4:5-19
MERGED from [com.google.android.gms:play-services-identity:10.2.4] AndroidManifest.xml:18:5-19
MERGED from [com.google.android.gms:play-services-wearable:10.2.4] AndroidManifest.xml:18:5-19
MERGED from [com.google.android.gms:play-services-maps:10.2.4] AndroidManifest.xml:24:5-19
MERGED from [com.google.firebase:firebase-auth:10.2.4] AndroidManifest.xml:19:5-20:19
MERGED from [com.google.android.gms:play-services-base:10.2.4] AndroidManifest.xml:18:5-20:19
MERGED from [com.google.firebase:firebase-core:10.2.4] AndroidManifest.xml:5:5-20
MERGED from [com.google.firebase:firebase-analytics:10.2.4] AndroidManifest.xml:24:5-33:19
MERGED from [com.google.firebase:firebase-analytics-impl:10.2.4] AndroidManifest.xml:24:5-28:19
MERGED from [com.google.firebase:firebase-iid:10.2.4] AndroidManifest.xml:28:5-49:19
MERGED from [com.google.firebase:firebase-common:10.2.4] AndroidManifest.xml:4:5-7:19
MERGED from [com.google.android.gms:play-services-tasks:10.2.4] AndroidManifest.xml:4:5-19
MERGED from [com.google.android.gms:play-services-basement:10.2.4] AndroidManifest.xml:19:5-21:19
MERGED from [com.android.support:support-v4:25.3.1] AndroidManifest.xml:29:5-20
MERGED from [com.android.support:support-fragment:25.3.1] AndroidManifest.xml:29:5-20
MERGED from [com.android.support:support-media-compat:25.3.1] AndroidManifest.xml:29:5-20
MERGED from [com.android.support:support-core-ui:25.3.1] AndroidManifest.xml:29:5-20
MERGED from [com.android.support:support-core-utils:25.3.1] AndroidManifest.xml:29:5-20
MERGED from [com.android.support:support-compat:25.3.1] AndroidManifest.xml:29:5-20
	android:label
		ADDED from src\main\AndroidManifest.xml:22:9-41
	android:supportsRtl
		ADDED from src\main\AndroidManifest.xml:24:9-35
	android:roundIcon
		ADDED from src\main\AndroidManifest.xml:23:9-48
	android:allowBackup
		ADDED from src\main\AndroidManifest.xml:20:9-35
	android:icon
		ADDED from src\main\AndroidManifest.xml:21:9-43
	android:theme
		ADDED from src\main\AndroidManifest.xml:25:9-40
activity#com.example.lenovo.agatron.Splashscreen
ADDED from src\main\AndroidManifest.xml:26:9-34:20
	android:label
		ADDED from src\main\AndroidManifest.xml:28:13-45
	android:name
		ADDED from src\main\AndroidManifest.xml:27:13-41
intent-filter#android.intent.action.MAIN+android.intent.category.LAUNCHER
ADDED from src\main\AndroidManifest.xml:29:13-33:29
action#android.intent.action.MAIN
ADDED from src\main\AndroidManifest.xml:30:17-69
	android:name
		ADDED from src\main\AndroidManifest.xml:30:25-66
category#android.intent.category.LAUNCHER
ADDED from src\main\AndroidManifest.xml:32:17-77
	android:name
		ADDED from src\main\AndroidManifest.xml:32:27-74
activity#com.example.lenovo.agatron.Main2Activity
ADDED from src\main\AndroidManifest.xml:35:9-38:58
	android:label
		ADDED from src\main\AndroidManifest.xml:37:13-45
	android:theme
		ADDED from src\main\AndroidManifest.xml:38:13-56
	android:name
		ADDED from src\main\AndroidManifest.xml:36:13-42
meta-data#com.google.android.geo.API_KEY
ADDED from src\main\AndroidManifest.xml:39:9-41:55
	android:value
		ADDED from src\main\AndroidManifest.xml:41:13-52
	android:name
		ADDED from src\main\AndroidManifest.xml:40:13-58
activity#com.example.lenovo.agatron.MapsActivity2
ADDED from src\main\AndroidManifest.xml:43:9-45:59
	android:label
		ADDED from src\main\AndroidManifest.xml:45:13-56
	android:name
		ADDED from src\main\AndroidManifest.xml:44:13-42
activity#com.example.lenovo.agatron.ScrollingActivity
ADDED from src\main\AndroidManifest.xml:46:9-49:59
	android:label
		ADDED from src\main\AndroidManifest.xml:48:13-61
	android:theme
		ADDED from src\main\AndroidManifest.xml:49:13-56
	android:name
		ADDED from src\main\AndroidManifest.xml:47:13-46
activity#com.example.lenovo.agatron.Score
ADDED from src\main\AndroidManifest.xml:50:9-53:59
	android:label
		ADDED from src\main\AndroidManifest.xml:52:13-57
	android:theme
		ADDED from src\main\AndroidManifest.xml:53:13-56
	android:name
		ADDED from src\main\AndroidManifest.xml:51:13-34
activity#com.example.lenovo.agatron.Detalii
ADDED from src\main\AndroidManifest.xml:54:9-57:59
	android:label
		ADDED from src\main\AndroidManifest.xml:56:13-59
	android:theme
		ADDED from src\main\AndroidManifest.xml:57:13-56
	android:name
		ADDED from src\main\AndroidManifest.xml:55:13-36
activity#com.example.lenovo.agatron.ScrollingActivity2
ADDED from src\main\AndroidManifest.xml:58:9-61:59
	android:label
		ADDED from src\main\AndroidManifest.xml:60:13-62
	android:theme
		ADDED from src\main\AndroidManifest.xml:61:13-56
	android:name
		ADDED from src\main\AndroidManifest.xml:59:13-47
activity#com.example.lenovo.agatron.ScrollingActivity3
ADDED from src\main\AndroidManifest.xml:62:9-65:59
	android:label
		ADDED from src\main\AndroidManifest.xml:64:13-62
	android:theme
		ADDED from src\main\AndroidManifest.xml:65:13-56
	android:name
		ADDED from src\main\AndroidManifest.xml:63:13-47
activity#com.example.lenovo.agatron.ScrollingActivity5
ADDED from src\main\AndroidManifest.xml:66:9-69:59
	android:label
		ADDED from src\main\AndroidManifest.xml:68:13-62
	android:theme
		ADDED from src\main\AndroidManifest.xml:69:13-56
	android:name
		ADDED from src\main\AndroidManifest.xml:67:13-47
activity#com.example.lenovo.agatron.ScrollingActivity6
ADDED from src\main\AndroidManifest.xml:70:9-73:59
	android:label
		ADDED from src\main\AndroidManifest.xml:72:13-62
	android:theme
		ADDED from src\main\AndroidManifest.xml:73:13-56
	android:name
		ADDED from src\main\AndroidManifest.xml:71:13-47
activity#com.example.lenovo.agatron.ScrollingActivity7
ADDED from src\main\AndroidManifest.xml:74:9-77:59
	android:label
		ADDED from src\main\AndroidManifest.xml:76:13-62
	android:theme
		ADDED from src\main\AndroidManifest.xml:77:13-56
	android:name
		ADDED from src\main\AndroidManifest.xml:75:13-47
activity#com.example.lenovo.agatron.ScrollingActivity8
ADDED from src\main\AndroidManifest.xml:78:9-81:59
	android:label
		ADDED from src\main\AndroidManifest.xml:80:13-62
	android:theme
		ADDED from src\main\AndroidManifest.xml:81:13-56
	android:name
		ADDED from src\main\AndroidManifest.xml:79:13-47
activity#com.example.lenovo.agatron.ScrollingActivity9
ADDED from src\main\AndroidManifest.xml:82:9-85:59
	android:label
		ADDED from src\main\AndroidManifest.xml:84:13-62
	android:theme
		ADDED from src\main\AndroidManifest.xml:85:13-56
	android:name
		ADDED from src\main\AndroidManifest.xml:83:13-47
activity#com.example.lenovo.agatron.ScrollingActivity10
ADDED from src\main\AndroidManifest.xml:86:9-89:59
	android:label
		ADDED from src\main\AndroidManifest.xml:88:13-63
	android:theme
		ADDED from src\main\AndroidManifest.xml:89:13-56
	android:name
		ADDED from src\main\AndroidManifest.xml:87:13-48
activity#com.example.lenovo.agatron.ScrollingActivity11
ADDED from src\main\AndroidManifest.xml:90:9-93:59
	android:label
		ADDED from src\main\AndroidManifest.xml:92:13-63
	android:theme
		ADDED from src\main\AndroidManifest.xml:93:13-56
	android:name
		ADDED from src\main\AndroidManifest.xml:91:13-48
activity#com.example.lenovo.agatron.ScrollingActivity13
ADDED from src\main\AndroidManifest.xml:94:9-97:59
	android:label
		ADDED from src\main\AndroidManifest.xml:96:13-63
	android:theme
		ADDED from src\main\AndroidManifest.xml:97:13-56
	android:name
		ADDED from src\main\AndroidManifest.xml:95:13-48
activity#com.example.lenovo.agatron.ScrollingActivity12
ADDED from src\main\AndroidManifest.xml:98:9-101:59
	android:label
		ADDED from src\main\AndroidManifest.xml:100:13-63
	android:theme
		ADDED from src\main\AndroidManifest.xml:101:13-56
	android:name
		ADDED from src\main\AndroidManifest.xml:99:13-48
activity#com.example.lenovo.agatron.ScrollingActivity14
ADDED from src\main\AndroidManifest.xml:102:9-105:59
	android:label
		ADDED from src\main\AndroidManifest.xml:104:13-63
	android:theme
		ADDED from src\main\AndroidManifest.xml:105:13-56
	android:name
		ADDED from src\main\AndroidManifest.xml:103:13-48
activity#com.example.lenovo.agatron.ScrollingActivity15
ADDED from src\main\AndroidManifest.xml:106:9-109:59
	android:label
		ADDED from src\main\AndroidManifest.xml:108:13-63
	android:theme
		ADDED from src\main\AndroidManifest.xml:109:13-56
	android:name
		ADDED from src\main\AndroidManifest.xml:107:13-48
activity#com.example.lenovo.agatron.ScrollingActivity16
ADDED from src\main\AndroidManifest.xml:110:9-113:59
	android:label
		ADDED from src\main\AndroidManifest.xml:112:13-63
	android:theme
		ADDED from src\main\AndroidManifest.xml:113:13-56
	android:name
		ADDED from src\main\AndroidManifest.xml:111:13-48
activity#com.example.lenovo.agatron.ScrollingActivity17
ADDED from src\main\AndroidManifest.xml:114:9-117:59
	android:label
		ADDED from src\main\AndroidManifest.xml:116:13-63
	android:theme
		ADDED from src\main\AndroidManifest.xml:117:13-56
	android:name
		ADDED from src\main\AndroidManifest.xml:115:13-48
activity#com.example.lenovo.agatron.ScrollingActivity18
ADDED from src\main\AndroidManifest.xml:118:9-121:59
	android:label
		ADDED from src\main\AndroidManifest.xml:120:13-63
	android:theme
		ADDED from src\main\AndroidManifest.xml:121:13-56
	android:name
		ADDED from src\main\AndroidManifest.xml:119:13-48
activity#com.example.lenovo.agatron.ScrollingActivity4
ADDED from src\main\AndroidManifest.xml:122:9-125:59
	android:label
		ADDED from src\main\AndroidManifest.xml:124:13-62
	android:theme
		ADDED from src\main\AndroidManifest.xml:125:13-56
	android:name
		ADDED from src\main\AndroidManifest.xml:123:13-47
activity#com.example.lenovo.agatron.MainActivity
ADDED from src\main\AndroidManifest.xml:126:9-129:68
	android:label
		ADDED from src\main\AndroidManifest.xml:128:13-50
	android:theme
		ADDED from src\main\AndroidManifest.xml:129:13-56
	android:name
		ADDED from src\main\AndroidManifest.xml:127:13-41
activity#com.example.lenovo.agatron.ascuns.BusPage
ADDED from src\main\AndroidManifest.xml:130:9-132:15
	android:label
		ADDED from src\main\AndroidManifest.xml:131:13-37
	android:name
		ADDED from src\main\AndroidManifest.xml:130:19-49
activity#com.example.lenovo.agatron.Busful
ADDED from src\main\AndroidManifest.xml:133:9-135:14
	android:label
		ADDED from src\main\AndroidManifest.xml:134:13-38
	android:name
		ADDED from src\main\AndroidManifest.xml:133:19-41
activity#com.example.lenovo.agatron.ascuns.AutocarPage
ADDED from src\main\AndroidManifest.xml:136:9-137:40
	android:label
		ADDED from src\main\AndroidManifest.xml:137:13-37
	android:name
		ADDED from src\main\AndroidManifest.xml:136:19-53
activity#com.example.lenovo.agatron.ascuns.ConfirmPurchase
ADDED from src\main\AndroidManifest.xml:138:9-140:14
	android:label
		ADDED from src\main\AndroidManifest.xml:139:13-34
	android:name
		ADDED from src\main\AndroidManifest.xml:138:19-57
activity#com.example.lenovo.agatron.ascuns.TicketHistory
ADDED from src\main\AndroidManifest.xml:141:9-143:14
	android:label
		ADDED from src\main\AndroidManifest.xml:142:9-39
	android:name
		ADDED from src\main\AndroidManifest.xml:141:19-55
activity#com.example.lenovo.agatron.Harti
ADDED from src\main\AndroidManifest.xml:144:9-146:60
	android:label
		ADDED from src\main\AndroidManifest.xml:146:13-57
	android:name
		ADDED from src\main\AndroidManifest.xml:145:13-34
activity#com.example.lenovo.agatron.TaxiPage
ADDED from src\main\AndroidManifest.xml:147:9-149:14
	android:label
		ADDED from src\main\AndroidManifest.xml:148:13-33
	android:name
		ADDED from src\main\AndroidManifest.xml:147:19-43
activity#com.example.lenovo.agatron.FirebaseActivity
ADDED from src\main\AndroidManifest.xml:150:9-153:59
	android:label
		ADDED from src\main\AndroidManifest.xml:152:13-59
	android:theme
		ADDED from src\main\AndroidManifest.xml:153:13-56
	android:name
		ADDED from src\main\AndroidManifest.xml:151:13-45
activity#com.example.lenovo.agatron.SignupActivity
ADDED from src\main\AndroidManifest.xml:154:9-157:59
	android:label
		ADDED from src\main\AndroidManifest.xml:156:13-57
	android:theme
		ADDED from src\main\AndroidManifest.xml:157:13-56
	android:name
		ADDED from src\main\AndroidManifest.xml:155:13-43
activity#com.example.lenovo.agatron.ResetPasswordActivity
ADDED from src\main\AndroidManifest.xml:158:9-161:68
	android:label
		ADDED from src\main\AndroidManifest.xml:160:13-66
	android:theme
		ADDED from src\main\AndroidManifest.xml:161:13-56
	android:name
		ADDED from src\main\AndroidManifest.xml:159:13-50
activity#com.example.lenovo.agatron.LoginActivity
ADDED from src\main\AndroidManifest.xml:162:9-164:68
	android:label
		ADDED from src\main\AndroidManifest.xml:163:13-57
	android:theme
		ADDED from src\main\AndroidManifest.xml:164:13-56
	android:name
		ADDED from src\main\AndroidManifest.xml:162:19-48
uses-sdk
INJECTED from src\main\AndroidManifest.xml reason: use-sdk injection requested
MERGED from [com.android.support:design:25.3.1] AndroidManifest.xml:21:5-23:62
MERGED from [com.android.support:recyclerview-v7:25.3.1] AndroidManifest.xml:20:5-43
MERGED from [com.android.support:transition:25.3.1] AndroidManifest.xml:20:5-44
MERGED from [com.android.support.constraint:constraint-layout:1.0.2] AndroidManifest.xml:5:5-7:41
MERGED from [com.google.android.gms:play-services:10.2.4] AndroidManifest.xml:4:5-43
MERGED from [com.google.android.gms:play-services-ads:10.2.4] AndroidManifest.xml:17:5-43
MERGED from [com.google.android.gms:play-services-ads-lite:10.2.4] AndroidManifest.xml:22:5-43
MERGED from [com.google.android.gms:play-services-analytics:10.2.4] AndroidManifest.xml:17:5-43
MERGED from [com.google.android.gms:play-services-appinvite:10.2.4] AndroidManifest.xml:17:5-43
MERGED from [com.google.android.gms:play-services-auth:10.2.4] AndroidManifest.xml:17:5-43
MERGED from [com.google.android.gms:play-services-auth-base:10.2.4] AndroidManifest.xml:4:5-43
MERGED from [com.google.android.gms:play-services-cast-framework:10.2.4] AndroidManifest.xml:3:5-43
MERGED from [com.google.android.gms:play-services-cast:10.2.4] AndroidManifest.xml:17:5-43
MERGED from [com.android.support:mediarouter-v7:24.0.0] AndroidManifest.xml:20:5-43
MERGED from [com.android.support:palette-v7:24.0.0] AndroidManifest.xml:20:5-43
MERGED from [com.android.support:appcompat-v7:25.3.1] AndroidManifest.xml:21:5-23:78
MERGED from [com.android.support:animated-vector-drawable:25.3.1] AndroidManifest.xml:20:5-44
MERGED from [com.android.support:support-vector-drawable:25.3.1] AndroidManifest.xml:20:5-43
MERGED from [com.google.android.gms:play-services-clearcut:10.2.4] AndroidManifest.xml:17:5-43
MERGED from [com.google.firebase:firebase-config:10.2.4] AndroidManifest.xml:17:5-43
MERGED from [com.google.android.gms:play-services-awareness:10.2.4] AndroidManifest.xml:17:5-43
MERGED from [com.google.firebase:firebase-crash:10.2.4] AndroidManifest.xml:20:5-43
MERGED from [com.google.firebase:firebase-database:10.2.4] AndroidManifest.xml:3:5-43
MERGED from [com.google.firebase:firebase-database-connection:10.2.4] AndroidManifest.xml:3:5-43
MERGED from [com.google.firebase:firebase-messaging:10.2.4] AndroidManifest.xml:17:5-43
MERGED from [com.google.firebase:firebase-storage:10.2.4] AndroidManifest.xml:3:5-43
MERGED from [com.google.firebase:firebase-storage-common:10.2.4] AndroidManifest.xml:3:5-43
MERGED from [com.google.android.gms:play-services-fitness:10.2.4] AndroidManifest.xml:17:5-43
MERGED from [com.google.android.gms:play-services-games:10.2.4] AndroidManifest.xml:17:5-43
MERGED from [com.google.android.gms:play-services-drive:10.2.4] AndroidManifest.xml:17:5-43
MERGED from [com.google.android.gms:play-services-gass:10.2.4] AndroidManifest.xml:3:5-43
MERGED from [com.google.android.gms:play-services-gcm:10.2.4] AndroidManifest.xml:17:5-43
MERGED from [com.google.firebase:firebase-appindexing:10.2.4] AndroidManifest.xml:17:5-43
MERGED from [com.google.android.gms:play-services-iid:10.2.4] AndroidManifest.xml:17:5-43
MERGED from [com.google.android.gms:play-services-instantapps:10.2.4] AndroidManifest.xml:3:5-43
MERGED from [com.google.android.gms:play-services-location:10.2.4] AndroidManifest.xml:3:5-43
MERGED from [com.google.android.gms:play-services-nearby:10.2.4] AndroidManifest.xml:3:5-43
MERGED from [com.google.android.gms:play-services-panorama:10.2.4] AndroidManifest.xml:17:5-43
MERGED from [com.google.android.gms:play-services-places:10.2.4] AndroidManifest.xml:17:5-43
MERGED from [com.google.android.gms:play-services-plus:10.2.4] AndroidManifest.xml:17:5-43
MERGED from [com.google.android.gms:play-services-safetynet:10.2.4] AndroidManifest.xml:17:5-43
MERGED from [com.google.android.gms:play-services-tagmanager:10.2.4] AndroidManifest.xml:17:5-43
MERGED from [com.google.android.gms:play-services-tagmanager-api:10.2.4] AndroidManifest.xml:17:5-43
MERGED from [com.google.android.gms:play-services-tagmanager-v4-impl:10.2.4] AndroidManifest.xml:17:5-43
MERGED from [com.google.android.gms:play-services-analytics-impl:10.2.4] AndroidManifest.xml:17:5-43
MERGED from [com.google.android.gms:play-services-vision:10.2.4] AndroidManifest.xml:3:5-43
MERGED from [com.google.android.gms:play-services-wallet:10.2.4] AndroidManifest.xml:18:5-43
MERGED from [com.google.android.gms:play-services-identity:10.2.4] AndroidManifest.xml:17:5-43
MERGED from [com.google.android.gms:play-services-wearable:10.2.4] AndroidManifest.xml:17:5-43
MERGED from [com.google.android.gms:play-services-maps:10.2.4] AndroidManifest.xml:23:5-43
MERGED from [com.google.firebase:firebase-auth:10.2.4] AndroidManifest.xml:17:5-43
MERGED from [com.google.android.gms:play-services-base:10.2.4] AndroidManifest.xml:17:5-43
MERGED from [com.google.firebase:firebase-core:10.2.4] AndroidManifest.xml:4:5-43
MERGED from [com.google.firebase:firebase-analytics:10.2.4] AndroidManifest.xml:17:5-43
MERGED from [com.google.firebase:firebase-analytics-impl:10.2.4] AndroidManifest.xml:17:5-43
MERGED from [com.google.firebase:firebase-iid:10.2.4] AndroidManifest.xml:17:5-43
MERGED from [com.google.firebase:firebase-common:10.2.4] AndroidManifest.xml:3:5-43
MERGED from [com.google.android.gms:play-services-tasks:10.2.4] AndroidManifest.xml:3:5-43
MERGED from [com.google.android.gms:play-services-basement:10.2.4] AndroidManifest.xml:17:5-43
MERGED from [com.android.support:support-v4:25.3.1] AndroidManifest.xml:21:5-23:54
MERGED from [com.android.support:support-fragment:25.3.1] AndroidManifest.xml:21:5-23:60
MERGED from [com.android.support:support-media-compat:25.3.1] AndroidManifest.xml:21:5-23:63
MERGED from [com.android.support:support-core-ui:25.3.1] AndroidManifest.xml:21:5-23:58
MERGED from [com.android.support:support-core-utils:25.3.1] AndroidManifest.xml:21:5-23:61
MERGED from [com.android.support:support-compat:25.3.1] AndroidManifest.xml:21:5-23:58
	tools:overrideLibrary
		ADDED from [com.android.support:design:25.3.1] AndroidManifest.xml:23:9-59
	android:targetSdkVersion
		INJECTED from src\main\AndroidManifest.xml
		INJECTED from src\main\AndroidManifest.xml
	android:minSdkVersion
		INJECTED from src\main\AndroidManifest.xml
		INJECTED from src\main\AndroidManifest.xml
meta-data#android.support.VERSION
ADDED from [com.android.support:design:25.3.1] AndroidManifest.xml:25:5-27:34
MERGED from [com.android.support:recyclerview-v7:25.3.1] AndroidManifest.xml:22:5-24:34
MERGED from [com.android.support:transition:25.3.1] AndroidManifest.xml:22:5-24:34
MERGED from [com.android.support:appcompat-v7:25.3.1] AndroidManifest.xml:25:5-27:34
MERGED from [com.android.support:animated-vector-drawable:25.3.1] AndroidManifest.xml:22:5-24:34
MERGED from [com.android.support:support-vector-drawable:25.3.1] AndroidManifest.xml:22:5-24:34
MERGED from [com.android.support:support-v4:25.3.1] AndroidManifest.xml:25:5-27:34
MERGED from [com.android.support:support-fragment:25.3.1] AndroidManifest.xml:25:5-27:34
MERGED from [com.android.support:support-media-compat:25.3.1] AndroidManifest.xml:25:5-27:34
MERGED from [com.android.support:support-core-ui:25.3.1] AndroidManifest.xml:25:5-27:34
MERGED from [com.android.support:support-core-utils:25.3.1] AndroidManifest.xml:25:5-27:34
MERGED from [com.android.support:support-compat:25.3.1] AndroidManifest.xml:25:5-27:34
	android:value
		ADDED from [com.android.support:design:25.3.1] AndroidManifest.xml:27:9-31
	android:name
		ADDED from [com.android.support:design:25.3.1] AndroidManifest.xml:26:9-47
uses-permission#android.permission.ACCESS_NETWORK_STATE
ADDED from [com.google.android.gms:play-services-ads-lite:10.2.4] AndroidManifest.xml:20:5-78
MERGED from [com.google.android.gms:play-services-analytics:10.2.4] AndroidManifest.xml:21:5-78
MERGED from [com.google.android.gms:play-services-nearby:10.2.4] AndroidManifest.xml:4:5-78
MERGED from [com.google.android.gms:play-services-tagmanager-api:10.2.4] AndroidManifest.xml:21:5-78
MERGED from [com.google.android.gms:play-services-analytics-impl:10.2.4] AndroidManifest.xml:21:5-78
MERGED from [com.google.android.gms:play-services-maps:10.2.4] AndroidManifest.xml:19:5-78
MERGED from [com.google.firebase:firebase-analytics:10.2.4] AndroidManifest.xml:21:5-78
MERGED from [com.google.firebase:firebase-analytics-impl:10.2.4] AndroidManifest.xml:21:5-78
MERGED from [com.google.firebase:firebase-iid:10.2.4] AndroidManifest.xml:19:5-78
	android:name
		ADDED from [com.google.android.gms:play-services-ads-lite:10.2.4] AndroidManifest.xml:20:22-76
activity#com.google.android.gms.ads.AdActivity
ADDED from [com.google.android.gms:play-services-ads-lite:10.2.4] AndroidManifest.xml:25:9-232
	android:configChanges
		ADDED from [com.google.android.gms:play-services-ads-lite:10.2.4] AndroidManifest.xml:25:72-181
	android:theme
		ADDED from [com.google.android.gms:play-services-ads-lite:10.2.4] AndroidManifest.xml:25:182-230
	android:name
		ADDED from [com.google.android.gms:play-services-ads-lite:10.2.4] AndroidManifest.xml:25:19-71
activity#com.google.android.gms.ads.purchase.InAppPurchaseActivity
ADDED from [com.google.android.gms:play-services-ads-lite:10.2.4] AndroidManifest.xml:26:9-131
	android:theme
		ADDED from [com.google.android.gms:play-services-ads-lite:10.2.4] AndroidManifest.xml:26:92-129
	android:name
		ADDED from [com.google.android.gms:play-services-ads-lite:10.2.4] AndroidManifest.xml:26:19-91
uses-permission#android.permission.WAKE_LOCK
ADDED from [com.google.android.gms:play-services-analytics:10.2.4] AndroidManifest.xml:24:5-67
MERGED from [com.google.android.gms:play-services-analytics-impl:10.2.4] AndroidManifest.xml:24:5-67
MERGED from [com.google.firebase:firebase-analytics:10.2.4] AndroidManifest.xml:22:5-67
MERGED from [com.google.firebase:firebase-analytics-impl:10.2.4] AndroidManifest.xml:22:5-67
MERGED from [com.google.firebase:firebase-iid:10.2.4] AndroidManifest.xml:21:5-67
	android:name
		ADDED from [com.google.android.gms:play-services-analytics:10.2.4] AndroidManifest.xml:24:22-65
activity#com.google.android.gms.appinvite.PreviewActivity
ADDED from [com.google.android.gms:play-services-appinvite:10.2.4] AndroidManifest.xml:20:9-25:20
	android:exported
		ADDED from [com.google.android.gms:play-services-appinvite:10.2.4] AndroidManifest.xml:20:51-74
	android:theme
		ADDED from [com.google.android.gms:play-services-appinvite:10.2.4] AndroidManifest.xml:20:75-121
	android:name
		ADDED from [com.google.android.gms:play-services-appinvite:10.2.4] AndroidManifest.xml:20:19-50
intent-filter#android.intent.category.DEFAULT+com.google.android.gms.appinvite.ACTION_PREVIEW
ADDED from [com.google.android.gms:play-services-appinvite:10.2.4] AndroidManifest.xml:21:13-24:29
action#com.google.android.gms.appinvite.ACTION_PREVIEW
ADDED from [com.google.android.gms:play-services-appinvite:10.2.4] AndroidManifest.xml:22:17-89
	android:name
		ADDED from [com.google.android.gms:play-services-appinvite:10.2.4] AndroidManifest.xml:22:25-87